<?xml version="1.0" encoding="UTF-8"?>
<!-- Generated by org.testng.reporters.JUnitXMLReporter -->
<testsuite ignored="0" hostname="APL-1GMXB63" failures="1" tests="1" name="Test" time="4.32" errors="0" timestamp="2023-05-26T14:15:40 IST">
  <testcase classname="com.EasyCall.TestCases.LoginEasyCal" name="loginApp" time="0.052">
    <failure type="java.lang.NullPointerException" message="Cannot invoke &amp;quot;org.apache.poi.xssf.usermodel.XSSFSheet.getRow(int)&amp;quot; because the return value of &amp;quot;org.apache.poi.xssf.usermodel.XSSFWorkbook.getSheet(String)&amp;quot; is null">
      <![CDATA[java.lang.NullPointerException: Cannot invoke "org.apache.poi.xssf.usermodel.XSSFSheet.getRow(int)" because the return value of "org.apache.poi.xssf.usermodel.XSSFWorkbook.getSheet(String)" is null
at com.Utilities.ExcelDataReader.getstringData(ExcelDataReader.java:37)
at com.EasyCall.TestCases.LoginEasyCal.loginApp(LoginEasyCal.java:21)
at java.base/java.util.ArrayList.forEach(ArrayList.java:1511)
... Removed 27 stack frames]]>
    </failure>
  </testcase> <!-- loginApp -->
</testsuite> <!-- Test -->
