<?xml version="1.0" encoding="UTF-8"?>
<testng-results ignored="0" total="1" passed="1" failed="0" skipped="0">
  <reporter-output>
  </reporter-output>
  <suite started-at="2023-05-26T16:24:12 IST" name="Default suite" finished-at="2023-05-26T16:24:21 IST" duration-ms="9280">
    <groups>
    </groups>
    <test started-at="2023-05-26T16:24:12 IST" name="Default test" finished-at="2023-05-26T16:24:21 IST" duration-ms="9280">
      <class name="com.EasyCall.TestCases.LoginEasyCal">
        <test-method is-config="true" signature="setUp()[pri:0, instance:com.EasyCall.TestCases.LoginEasyCal@7161d8d1]" started-at="2023-05-26T16:24:11 IST" name="setUp" finished-at="2023-05-26T16:24:12 IST" duration-ms="820" status="PASS">
          <reporter-output>
          </reporter-output>
        </test-method> <!-- setUp -->
        <test-method is-config="true" signature="BrowserTest()[pri:0, instance:com.EasyCall.TestCases.LoginEasyCal@7161d8d1]" started-at="2023-05-26T16:24:12 IST" name="BrowserTest" finished-at="2023-05-26T16:24:20 IST" duration-ms="7615" status="PASS">
          <reporter-output>
          </reporter-output>
        </test-method> <!-- BrowserTest -->
        <test-method signature="loginApp()[pri:0, instance:com.EasyCall.TestCases.LoginEasyCal@7161d8d1]" started-at="2023-05-26T16:24:20 IST" name="loginApp" finished-at="2023-05-26T16:24:21 IST" duration-ms="1589" status="PASS">
          <reporter-output>
          </reporter-output>
        </test-method> <!-- loginApp -->
        <test-method is-config="true" signature="tearDownMehtod(org.testng.ITestResult)[pri:0, instance:com.EasyCall.TestCases.LoginEasyCal@7161d8d1]" started-at="2023-05-26T16:24:21 IST" name="tearDownMehtod" finished-at="2023-05-26T16:24:21 IST" duration-ms="7" status="PASS">
          <params>
            <param index="0">
              <value>
                <![CDATA[[TestResult name=loginApp status=SUCCESS method=LoginEasyCal.loginApp()[pri:0, instance:com.EasyCall.TestCases.LoginEasyCal@7161d8d1] output={null}]]]>
              </value>
            </param>
          </params>
          <reporter-output>
          </reporter-output>
        </test-method> <!-- tearDownMehtod -->
      </class> <!-- com.EasyCall.TestCases.LoginEasyCal -->
    </test> <!-- Default test -->
  </suite> <!-- Default suite -->
</testng-results>
